[2023-02-03 10:56:11] laravel.EMERGENCY: Unable to create configured logger. Using emergency logger. {"exception":"[object] (Error(code: 0): Class \"Illuminate\\Support\\Collection\" not found at D:\\live project job\\paribibi.com\\backup\\parupdate ok\\vendor\\laravel\\framework\\src\\Illuminate\\Support\\helpers.php:110)
[stacktrace]
#0 D:\\live project job\\paribibi.com\\backup\\parupdate ok\\vendor\\laravel\\framework\\src\\Illuminate\\Log\\LogManager.php(240): collect(Array)
#1 D:\\live project job\\paribibi.com\\backup\\parupdate ok\\vendor\\laravel\\framework\\src\\Illuminate\\Log\\LogManager.php(202): Illuminate\\Log\\LogManager->createStackDriver(Array)
#2 D:\\live project job\\paribibi.com\\backup\\parupdate ok\\vendor\\laravel\\framework\\src\\Illuminate\\Log\\LogManager.php(118): Illuminate\\Log\\LogManager->resolve('stack')
#3 D:\\live project job\\paribibi.com\\backup\\parupdate ok\\vendor\\laravel\\framework\\src\\Illuminate\\Log\\LogManager.php(98): Illuminate\\Log\\LogManager->get('stack')
#4 D:\\live project job\\paribibi.com\\backup\\parupdate ok\\vendor\\laravel\\framework\\src\\Illuminate\\Log\\LogManager.php(547): Illuminate\\Log\\LogManager->driver()
#5 D:\\live project job\\paribibi.com\\backup\\parupdate ok\\vendor\\laravel\\framework\\src\\Illuminate\\Foundation\\Exceptions\\Handler.php(123): Illuminate\\Log\\LogManager->error('During inherita...', Array)
#6 D:\\live project job\\paribibi.com\\backup\\parupdate ok\\app\\Exceptions\\Handler.php(39): Illuminate\\Foundation\\Exceptions\\Handler->report(Object(Symfony\\Component\\ErrorHandler\\Error\\FatalError))
#7 D:\\live project job\\paribibi.com\\backup\\parupdate ok\\vendor\\laravel\\framework\\src\\Illuminate\\Foundation\\Bootstrap\\HandleExceptions.php(88): ZigKart\\Exceptions\\Handler->report(Object(Symfony\\Component\\ErrorHandler\\Error\\FatalError))
#8 D:\\live project job\\paribibi.com\\backup\\parupdate ok\\vendor\\laravel\\framework\\src\\Illuminate\\Foundation\\Bootstrap\\HandleExceptions.php(130): Illuminate\\Foundation\\Bootstrap\\HandleExceptions->handleException(Object(Symfony\\Component\\ErrorHandler\\Error\\FatalError))
#9 [internal function]: Illuminate\\Foundation\\Bootstrap\\HandleExceptions->handleShutdown()
#10 {main}
"} 
[2023-02-03 10:56:11] laravel.ERROR: During inheritance of ArrayAccess: Uncaught ErrorException: Return type of Illuminate\Support\Collection::offsetExists($key) should either be compatible with ArrayAccess::offsetExists(mixed $offset): bool, or the #[\ReturnTypeWillChange] attribute should be used to temporarily suppress the notice in D:\live project job\paribibi.com\backup\parupdate ok\vendor\laravel\framework\src\Illuminate\Support\Collection.php:1349
Stack trace:
#0 D:\live project job\paribibi.com\backup\parupdate ok\vendor\laravel\framework\src\Illuminate\Support\Collection.php(11): Illuminate\Foundation\Bootstrap\HandleExceptions->handleError(8192, 'Return type of ...', 'D:\\live project...', 1349)
#1 D:\live project job\paribibi.com\backup\parupdate ok\vendor\composer\ClassLoader.php(444): include('D:\\live project...')
#2 D:\live project job\paribibi.com\backup\parupdate ok\vendor\composer\ClassLoader.php(322): Composer\Autoload\includeFile('D:\\live project...')
#3 D:\live project job\paribibi.com\backup\parupdate ok\vendor\laravel\framework\src\Illuminate\Support\helpers.php(110): Composer\Autoload\ClassLoader->loadClass('Illuminate\\Supp...')
#4 D:\live project job\paribibi.com\backup\parupdate ok\vendor\laravel\framework\src\Illuminate\Foundation\PackageManifest.php(89): collect(Array)
#5 D:\live project job\paribibi.com\backup\parupdate ok\vendor\laravel\framework\src\Illuminate\Foundation\PackageManifest.php(78): Illuminate\Foundation\PackageManifest->config('aliases')
#6 D:\live project job\paribibi.com\backup\parupdate ok\vendor\laravel\framework\src\Illuminate\Foundation\Bootstrap\RegisterFacades.php(26): Illuminate\Foundation\PackageManifest->aliases()
#7 D:\live project job\paribibi.com\backup\parupdate ok\vendor\laravel\framework\src\Illuminate\Foundation\Application.php(230): Illuminate\Foundation\Bootstrap\RegisterFacades->bootstrap(Object(Illuminate\Foundation\Application))
#8 D:\live project job\paribibi.com\backup\parupdate ok\vendor\laravel\framework\src\Illuminate\Foundation\Console\Kernel.php(310): Illuminate\Foundation\Application->bootstrapWith(Array)
#9 D:\live project job\paribibi.com\backup\parupdate ok\vendor\laravel\framework\src\Illuminate\Foundation\Console\Kernel.php(127): Illuminate\Foundation\Console\Kernel->bootstrap()
#10 D:\live project job\paribibi.com\backup\parupdate ok\artisan(37): Illuminate\Foundation\Console\Kernel->handle(Object(Symfony\Component\Console\Input\ArgvInput), Object(Symfony\Component\Console\Output\ConsoleOutput))
#11 {main} {"exception":"[object] (Symfony\\Component\\ErrorHandler\\Error\\FatalError(code: 0): During inheritance of ArrayAccess: Uncaught ErrorException: Return type of Illuminate\\Support\\Collection::offsetExists($key) should either be compatible with ArrayAccess::offsetExists(mixed $offset): bool, or the #[\\ReturnTypeWillChange] attribute should be used to temporarily suppress the notice in D:\\live project job\\paribibi.com\\backup\\parupdate ok\\vendor\\laravel\\framework\\src\\Illuminate\\Support\\Collection.php:1349
Stack trace:
#0 D:\\live project job\\paribibi.com\\backup\\parupdate ok\\vendor\\laravel\\framework\\src\\Illuminate\\Support\\Collection.php(11): Illuminate\\Foundation\\Bootstrap\\HandleExceptions->handleError(8192, 'Return type of ...', 'D:\\\\live project...', 1349)
#1 D:\\live project job\\paribibi.com\\backup\\parupdate ok\\vendor\\composer\\ClassLoader.php(444): include('D:\\\\live project...')
#2 D:\\live project job\\paribibi.com\\backup\\parupdate ok\\vendor\\composer\\ClassLoader.php(322): Composer\\Autoload\\includeFile('D:\\\\live project...')
#3 D:\\live project job\\paribibi.com\\backup\\parupdate ok\\vendor\\laravel\\framework\\src\\Illuminate\\Support\\helpers.php(110): Composer\\Autoload\\ClassLoader->loadClass('Illuminate\\\\Supp...')
#4 D:\\live project job\\paribibi.com\\backup\\parupdate ok\\vendor\\laravel\\framework\\src\\Illuminate\\Foundation\\PackageManifest.php(89): collect(Array)
#5 D:\\live project job\\paribibi.com\\backup\\parupdate ok\\vendor\\laravel\\framework\\src\\Illuminate\\Foundation\\PackageManifest.php(78): Illuminate\\Foundation\\PackageManifest->config('aliases')
#6 D:\\live project job\\paribibi.com\\backup\\parupdate ok\\vendor\\laravel\\framework\\src\\Illuminate\\Foundation\\Bootstrap\\RegisterFacades.php(26): Illuminate\\Foundation\\PackageManifest->aliases()
#7 D:\\live project job\\paribibi.com\\backup\\parupdate ok\\vendor\\laravel\\framework\\src\\Illuminate\\Foundation\\Application.php(230): Illuminate\\Foundation\\Bootstrap\\RegisterFacades->bootstrap(Object(Illuminate\\Foundation\\Application))
#8 D:\\live project job\\paribibi.com\\backup\\parupdate ok\\vendor\\laravel\\framework\\src\\Illuminate\\Foundation\\Console\\Kernel.php(310): Illuminate\\Foundation\\Application->bootstrapWith(Array)
#9 D:\\live project job\\paribibi.com\\backup\\parupdate ok\\vendor\\laravel\\framework\\src\\Illuminate\\Foundation\\Console\\Kernel.php(127): Illuminate\\Foundation\\Console\\Kernel->bootstrap()
#10 D:\\live project job\\paribibi.com\\backup\\parupdate ok\\artisan(37): Illuminate\\Foundation\\Console\\Kernel->handle(Object(Symfony\\Component\\Console\\Input\\ArgvInput), Object(Symfony\\Component\\Console\\Output\\ConsoleOutput))
#11 {main} at D:\\live project job\\paribibi.com\\backup\\parupdate ok\\vendor\\laravel\\framework\\src\\Illuminate\\Support\\Collection.php:11)
[stacktrace]
#0 {main}
"} 
[2023-02-03 10:59:33] laravel.EMERGENCY: Unable to create configured logger. Using emergency logger. {"exception":"[object] (Error(code: 0): Class \"Illuminate\\Support\\Collection\" not found at D:\\live project job\\paribibi.com\\backup\\parupdate ok\\vendor\\laravel\\framework\\src\\Illuminate\\Support\\helpers.php:110)
[stacktrace]
#0 D:\\live project job\\paribibi.com\\backup\\parupdate ok\\vendor\\laravel\\framework\\src\\Illuminate\\Log\\LogManager.php(240): collect(Array)
#1 D:\\live project job\\paribibi.com\\backup\\parupdate ok\\vendor\\laravel\\framework\\src\\Illuminate\\Log\\LogManager.php(202): Illuminate\\Log\\LogManager->createStackDriver(Array)
#2 D:\\live project job\\paribibi.com\\backup\\parupdate ok\\vendor\\laravel\\framework\\src\\Illuminate\\Log\\LogManager.php(118): Illuminate\\Log\\LogManager->resolve('stack')
#3 D:\\live project job\\paribibi.com\\backup\\parupdate ok\\vendor\\laravel\\framework\\src\\Illuminate\\Log\\LogManager.php(98): Illuminate\\Log\\LogManager->get('stack')
#4 D:\\live project job\\paribibi.com\\backup\\parupdate ok\\vendor\\laravel\\framework\\src\\Illuminate\\Log\\LogManager.php(547): Illuminate\\Log\\LogManager->driver()
#5 D:\\live project job\\paribibi.com\\backup\\parupdate ok\\vendor\\laravel\\framework\\src\\Illuminate\\Foundation\\Exceptions\\Handler.php(123): Illuminate\\Log\\LogManager->error('During inherita...', Array)
#6 D:\\live project job\\paribibi.com\\backup\\parupdate ok\\app\\Exceptions\\Handler.php(39): Illuminate\\Foundation\\Exceptions\\Handler->report(Object(Symfony\\Component\\ErrorHandler\\Error\\FatalError))
#7 D:\\live project job\\paribibi.com\\backup\\parupdate ok\\vendor\\laravel\\framework\\src\\Illuminate\\Foundation\\Bootstrap\\HandleExceptions.php(88): ZigKart\\Exceptions\\Handler->report(Object(Symfony\\Component\\ErrorHandler\\Error\\FatalError))
#8 D:\\live project job\\paribibi.com\\backup\\parupdate ok\\vendor\\laravel\\framework\\src\\Illuminate\\Foundation\\Bootstrap\\HandleExceptions.php(130): Illuminate\\Foundation\\Bootstrap\\HandleExceptions->handleException(Object(Symfony\\Component\\ErrorHandler\\Error\\FatalError))
#9 [internal function]: Illuminate\\Foundation\\Bootstrap\\HandleExceptions->handleShutdown()
#10 {main}
"} 
[2023-02-03 10:59:33] laravel.ERROR: During inheritance of ArrayAccess: Uncaught ErrorException: Return type of Illuminate\Support\Collection::offsetExists($key) should either be compatible with ArrayAccess::offsetExists(mixed $offset): bool, or the #[\ReturnTypeWillChange] attribute should be used to temporarily suppress the notice in D:\live project job\paribibi.com\backup\parupdate ok\vendor\laravel\framework\src\Illuminate\Support\Collection.php:1349
Stack trace:
#0 D:\live project job\paribibi.com\backup\parupdate ok\vendor\laravel\framework\src\Illuminate\Support\Collection.php(11): Illuminate\Foundation\Bootstrap\HandleExceptions->handleError(8192, 'Return type of ...', 'D:\\live project...', 1349)
#1 D:\live project job\paribibi.com\backup\parupdate ok\vendor\composer\ClassLoader.php(444): include('D:\\live project...')
#2 D:\live project job\paribibi.com\backup\parupdate ok\vendor\composer\ClassLoader.php(322): Composer\Autoload\includeFile('D:\\live project...')
#3 D:\live project job\paribibi.com\backup\parupdate ok\vendor\laravel\framework\src\Illuminate\Support\helpers.php(110): Composer\Autoload\ClassLoader->loadClass('Illuminate\\Supp...')
#4 D:\live project job\paribibi.com\backup\parupdate ok\vendor\laravel\framework\src\Illuminate\Foundation\PackageManifest.php(89): collect(Array)
#5 D:\live project job\paribibi.com\backup\parupdate ok\vendor\laravel\framework\src\Illuminate\Foundation\PackageManifest.php(78): Illuminate\Foundation\PackageManifest->config('aliases')
#6 D:\live project job\paribibi.com\backup\parupdate ok\vendor\laravel\framework\src\Illuminate\Foundation\Bootstrap\RegisterFacades.php(26): Illuminate\Foundation\PackageManifest->aliases()
#7 D:\live project job\paribibi.com\backup\parupdate ok\vendor\laravel\framework\src\Illuminate\Foundation\Application.php(230): Illuminate\Foundation\Bootstrap\RegisterFacades->bootstrap(Object(Illuminate\Foundation\Application))
#8 D:\live project job\paribibi.com\backup\parupdate ok\vendor\laravel\framework\src\Illuminate\Foundation\Console\Kernel.php(310): Illuminate\Foundation\Application->bootstrapWith(Array)
#9 D:\live project job\paribibi.com\backup\parupdate ok\vendor\laravel\framework\src\Illuminate\Foundation\Console\Kernel.php(127): Illuminate\Foundation\Console\Kernel->bootstrap()
#10 D:\live project job\paribibi.com\backup\parupdate ok\artisan(37): Illuminate\Foundation\Console\Kernel->handle(Object(Symfony\Component\Console\Input\ArgvInput), Object(Symfony\Component\Console\Output\ConsoleOutput))
#11 {main} {"exception":"[object] (Symfony\\Component\\ErrorHandler\\Error\\FatalError(code: 0): During inheritance of ArrayAccess: Uncaught ErrorException: Return type of Illuminate\\Support\\Collection::offsetExists($key) should either be compatible with ArrayAccess::offsetExists(mixed $offset): bool, or the #[\\ReturnTypeWillChange] attribute should be used to temporarily suppress the notice in D:\\live project job\\paribibi.com\\backup\\parupdate ok\\vendor\\laravel\\framework\\src\\Illuminate\\Support\\Collection.php:1349
Stack trace:
#0 D:\\live project job\\paribibi.com\\backup\\parupdate ok\\vendor\\laravel\\framework\\src\\Illuminate\\Support\\Collection.php(11): Illuminate\\Foundation\\Bootstrap\\HandleExceptions->handleError(8192, 'Return type of ...', 'D:\\\\live project...', 1349)
#1 D:\\live project job\\paribibi.com\\backup\\parupdate ok\\vendor\\composer\\ClassLoader.php(444): include('D:\\\\live project...')
#2 D:\\live project job\\paribibi.com\\backup\\parupdate ok\\vendor\\composer\\ClassLoader.php(322): Composer\\Autoload\\includeFile('D:\\\\live project...')
#3 D:\\live project job\\paribibi.com\\backup\\parupdate ok\\vendor\\laravel\\framework\\src\\Illuminate\\Support\\helpers.php(110): Composer\\Autoload\\ClassLoader->loadClass('Illuminate\\\\Supp...')
#4 D:\\live project job\\paribibi.com\\backup\\parupdate ok\\vendor\\laravel\\framework\\src\\Illuminate\\Foundation\\PackageManifest.php(89): collect(Array)
#5 D:\\live project job\\paribibi.com\\backup\\parupdate ok\\vendor\\laravel\\framework\\src\\Illuminate\\Foundation\\PackageManifest.php(78): Illuminate\\Foundation\\PackageManifest->config('aliases')
#6 D:\\live project job\\paribibi.com\\backup\\parupdate ok\\vendor\\laravel\\framework\\src\\Illuminate\\Foundation\\Bootstrap\\RegisterFacades.php(26): Illuminate\\Foundation\\PackageManifest->aliases()
#7 D:\\live project job\\paribibi.com\\backup\\parupdate ok\\vendor\\laravel\\framework\\src\\Illuminate\\Foundation\\Application.php(230): Illuminate\\Foundation\\Bootstrap\\RegisterFacades->bootstrap(Object(Illuminate\\Foundation\\Application))
#8 D:\\live project job\\paribibi.com\\backup\\parupdate ok\\vendor\\laravel\\framework\\src\\Illuminate\\Foundation\\Console\\Kernel.php(310): Illuminate\\Foundation\\Application->bootstrapWith(Array)
#9 D:\\live project job\\paribibi.com\\backup\\parupdate ok\\vendor\\laravel\\framework\\src\\Illuminate\\Foundation\\Console\\Kernel.php(127): Illuminate\\Foundation\\Console\\Kernel->bootstrap()
#10 D:\\live project job\\paribibi.com\\backup\\parupdate ok\\artisan(37): Illuminate\\Foundation\\Console\\Kernel->handle(Object(Symfony\\Component\\Console\\Input\\ArgvInput), Object(Symfony\\Component\\Console\\Output\\ConsoleOutput))
#11 {main} at D:\\live project job\\paribibi.com\\backup\\parupdate ok\\vendor\\laravel\\framework\\src\\Illuminate\\Support\\Collection.php:11)
[stacktrace]
#0 {main}
"} 
[2023-02-03 11:00:50] laravel.EMERGENCY: Unable to create configured logger. Using emergency logger. {"exception":"[object] (Error(code: 0): Class \"Illuminate\\Support\\Collection\" not found at D:\\live project job\\paribibi.com\\backup\\parupdate ok\\vendor\\laravel\\framework\\src\\Illuminate\\Support\\helpers.php:110)
[stacktrace]
#0 D:\\live project job\\paribibi.com\\backup\\parupdate ok\\vendor\\laravel\\framework\\src\\Illuminate\\Log\\LogManager.php(240): collect(Array)
#1 D:\\live project job\\paribibi.com\\backup\\parupdate ok\\vendor\\laravel\\framework\\src\\Illuminate\\Log\\LogManager.php(202): Illuminate\\Log\\LogManager->createStackDriver(Array)
#2 D:\\live project job\\paribibi.com\\backup\\parupdate ok\\vendor\\laravel\\framework\\src\\Illuminate\\Log\\LogManager.php(118): Illuminate\\Log\\LogManager->resolve('stack')
#3 D:\\live project job\\paribibi.com\\backup\\parupdate ok\\vendor\\laravel\\framework\\src\\Illuminate\\Log\\LogManager.php(98): Illuminate\\Log\\LogManager->get('stack')
#4 D:\\live project job\\paribibi.com\\backup\\parupdate ok\\vendor\\laravel\\framework\\src\\Illuminate\\Log\\LogManager.php(547): Illuminate\\Log\\LogManager->driver()
#5 D:\\live project job\\paribibi.com\\backup\\parupdate ok\\vendor\\laravel\\framework\\src\\Illuminate\\Foundation\\Exceptions\\Handler.php(123): Illuminate\\Log\\LogManager->error('During inherita...', Array)
#6 D:\\live project job\\paribibi.com\\backup\\parupdate ok\\app\\Exceptions\\Handler.php(39): Illuminate\\Foundation\\Exceptions\\Handler->report(Object(Symfony\\Component\\ErrorHandler\\Error\\FatalError))
#7 D:\\live project job\\paribibi.com\\backup\\parupdate ok\\vendor\\laravel\\framework\\src\\Illuminate\\Foundation\\Bootstrap\\HandleExceptions.php(88): ZigKart\\Exceptions\\Handler->report(Object(Symfony\\Component\\ErrorHandler\\Error\\FatalError))
#8 D:\\live project job\\paribibi.com\\backup\\parupdate ok\\vendor\\laravel\\framework\\src\\Illuminate\\Foundation\\Bootstrap\\HandleExceptions.php(130): Illuminate\\Foundation\\Bootstrap\\HandleExceptions->handleException(Object(Symfony\\Component\\ErrorHandler\\Error\\FatalError))
#9 [internal function]: Illuminate\\Foundation\\Bootstrap\\HandleExceptions->handleShutdown()
#10 {main}
"} 
[2023-02-03 11:00:50] laravel.ERROR: During inheritance of ArrayAccess: Uncaught ErrorException: Return type of Illuminate\Support\Collection::offsetExists($key) should either be compatible with ArrayAccess::offsetExists(mixed $offset): bool, or the #[\ReturnTypeWillChange] attribute should be used to temporarily suppress the notice in D:\live project job\paribibi.com\backup\parupdate ok\vendor\laravel\framework\src\Illuminate\Support\Collection.php:1349
Stack trace:
#0 D:\live project job\paribibi.com\backup\parupdate ok\vendor\laravel\framework\src\Illuminate\Support\Collection.php(11): Illuminate\Foundation\Bootstrap\HandleExceptions->handleError(8192, 'Return type of ...', 'D:\\live project...', 1349)
#1 D:\live project job\paribibi.com\backup\parupdate ok\vendor\composer\ClassLoader.php(444): include('D:\\live project...')
#2 D:\live project job\paribibi.com\backup\parupdate ok\vendor\composer\ClassLoader.php(322): Composer\Autoload\includeFile('D:\\live project...')
#3 D:\live project job\paribibi.com\backup\parupdate ok\vendor\laravel\framework\src\Illuminate\Support\helpers.php(110): Composer\Autoload\ClassLoader->loadClass('Illuminate\\Supp...')
#4 D:\live project job\paribibi.com\backup\parupdate ok\vendor\laravel\framework\src\Illuminate\Foundation\PackageManifest.php(89): collect(Array)
#5 D:\live project job\paribibi.com\backup\parupdate ok\vendor\laravel\framework\src\Illuminate\Foundation\PackageManifest.php(78): Illuminate\Foundation\PackageManifest->config('aliases')
#6 D:\live project job\paribibi.com\backup\parupdate ok\vendor\laravel\framework\src\Illuminate\Foundation\Bootstrap\RegisterFacades.php(26): Illuminate\Foundation\PackageManifest->aliases()
#7 D:\live project job\paribibi.com\backup\parupdate ok\vendor\laravel\framework\src\Illuminate\Foundation\Application.php(230): Illuminate\Foundation\Bootstrap\RegisterFacades->bootstrap(Object(Illuminate\Foundation\Application))
#8 D:\live project job\paribibi.com\backup\parupdate ok\vendor\laravel\framework\src\Illuminate\Foundation\Console\Kernel.php(310): Illuminate\Foundation\Application->bootstrapWith(Array)
#9 D:\live project job\paribibi.com\backup\parupdate ok\vendor\laravel\framework\src\Illuminate\Foundation\Console\Kernel.php(127): Illuminate\Foundation\Console\Kernel->bootstrap()
#10 D:\live project job\paribibi.com\backup\parupdate ok\artisan(37): Illuminate\Foundation\Console\Kernel->handle(Object(Symfony\Component\Console\Input\ArgvInput), Object(Symfony\Component\Console\Output\ConsoleOutput))
#11 {main} {"exception":"[object] (Symfony\\Component\\ErrorHandler\\Error\\FatalError(code: 0): During inheritance of ArrayAccess: Uncaught ErrorException: Return type of Illuminate\\Support\\Collection::offsetExists($key) should either be compatible with ArrayAccess::offsetExists(mixed $offset): bool, or the #[\\ReturnTypeWillChange] attribute should be used to temporarily suppress the notice in D:\\live project job\\paribibi.com\\backup\\parupdate ok\\vendor\\laravel\\framework\\src\\Illuminate\\Support\\Collection.php:1349
Stack trace:
#0 D:\\live project job\\paribibi.com\\backup\\parupdate ok\\vendor\\laravel\\framework\\src\\Illuminate\\Support\\Collection.php(11): Illuminate\\Foundation\\Bootstrap\\HandleExceptions->handleError(8192, 'Return type of ...', 'D:\\\\live project...', 1349)
#1 D:\\live project job\\paribibi.com\\backup\\parupdate ok\\vendor\\composer\\ClassLoader.php(444): include('D:\\\\live project...')
#2 D:\\live project job\\paribibi.com\\backup\\parupdate ok\\vendor\\composer\\ClassLoader.php(322): Composer\\Autoload\\includeFile('D:\\\\live project...')
#3 D:\\live project job\\paribibi.com\\backup\\parupdate ok\\vendor\\laravel\\framework\\src\\Illuminate\\Support\\helpers.php(110): Composer\\Autoload\\ClassLoader->loadClass('Illuminate\\\\Supp...')
#4 D:\\live project job\\paribibi.com\\backup\\parupdate ok\\vendor\\laravel\\framework\\src\\Illuminate\\Foundation\\PackageManifest.php(89): collect(Array)
#5 D:\\live project job\\paribibi.com\\backup\\parupdate ok\\vendor\\laravel\\framework\\src\\Illuminate\\Foundation\\PackageManifest.php(78): Illuminate\\Foundation\\PackageManifest->config('aliases')
#6 D:\\live project job\\paribibi.com\\backup\\parupdate ok\\vendor\\laravel\\framework\\src\\Illuminate\\Foundation\\Bootstrap\\RegisterFacades.php(26): Illuminate\\Foundation\\PackageManifest->aliases()
#7 D:\\live project job\\paribibi.com\\backup\\parupdate ok\\vendor\\laravel\\framework\\src\\Illuminate\\Foundation\\Application.php(230): Illuminate\\Foundation\\Bootstrap\\RegisterFacades->bootstrap(Object(Illuminate\\Foundation\\Application))
#8 D:\\live project job\\paribibi.com\\backup\\parupdate ok\\vendor\\laravel\\framework\\src\\Illuminate\\Foundation\\Console\\Kernel.php(310): Illuminate\\Foundation\\Application->bootstrapWith(Array)
#9 D:\\live project job\\paribibi.com\\backup\\parupdate ok\\vendor\\laravel\\framework\\src\\Illuminate\\Foundation\\Console\\Kernel.php(127): Illuminate\\Foundation\\Console\\Kernel->bootstrap()
#10 D:\\live project job\\paribibi.com\\backup\\parupdate ok\\artisan(37): Illuminate\\Foundation\\Console\\Kernel->handle(Object(Symfony\\Component\\Console\\Input\\ArgvInput), Object(Symfony\\Component\\Console\\Output\\ConsoleOutput))
#11 {main} at D:\\live project job\\paribibi.com\\backup\\parupdate ok\\vendor\\laravel\\framework\\src\\Illuminate\\Support\\Collection.php:11)
[stacktrace]
#0 {main}
"} 
